<?xml version="1.0" encoding="UTF-8"?>
<!-- Generated by org.testng.reporters.JUnitXMLReporter -->
<testsuite ignored="4" hostname="DESKTOP-5P8GHBG" failures="0" tests="2" name="Test1" time="52.627" errors="0" timestamp="2024-03-01T14:38:38 IST">
  <testcase classname="genericUtility.BaseClass" name="@BeforeMethod bmConfiguration" time="0.009">
    <failure type="java.lang.NullPointerException" message="Cannot invoke &amp;quot;org.openqa.selenium.SearchContext.findElement(org.openqa.selenium.By)&amp;quot; because &amp;quot;this.searchContext&amp;quot; is null">
      <![CDATA[java.lang.NullPointerException: Cannot invoke "org.openqa.selenium.SearchContext.findElement(org.openqa.selenium.By)" because "this.searchContext" is null
at org.openqa.selenium.support.pagefactory.DefaultElementLocator.findElement(DefaultElementLocator.java:68)
at org.openqa.selenium.support.pagefactory.internal.LocatingElementHandler.invoke(LocatingElementHandler.java:38)
at jdk.proxy2/jdk.proxy2.$Proxy20.sendKeys(Unknown Source)
at object_repository.Login_Page.login_Page(Login_Page.java:41)
at genericUtility.BaseClass.bmConfiguration(BaseClass.java:75)
at java.base/java.util.ArrayList.forEach(ArrayList.java:1511)
at java.base/java.util.concurrent.FutureTask.run(FutureTask.java:264)
at java.base/java.util.concurrent.ThreadPoolExecutor.runWorker(ThreadPoolExecutor.java:1136)
at java.base/java.util.concurrent.ThreadPoolExecutor$Worker.run(ThreadPoolExecutor.java:635)
at java.base/java.lang.Thread.run(Thread.java:833)
... Removed 21 stack frames]]>
    </failure>
  </testcase> <!-- @BeforeMethod bmConfiguration -->
  <testcase classname="genericUtility.BaseClass" name="@AfterMethod amConfiguration" time="0.0">
    <skipped/>
  </testcase> <!-- @AfterMethod amConfiguration -->
  <testcase classname="genericUtility.BaseClass" name="@BeforeMethod bmConfiguration" time="0.001">
    <failure type="java.lang.NullPointerException" message="Cannot invoke &amp;quot;org.openqa.selenium.SearchContext.findElement(org.openqa.selenium.By)&amp;quot; because &amp;quot;this.searchContext&amp;quot; is null">
      <![CDATA[java.lang.NullPointerException: Cannot invoke "org.openqa.selenium.SearchContext.findElement(org.openqa.selenium.By)" because "this.searchContext" is null
at org.openqa.selenium.support.pagefactory.DefaultElementLocator.findElement(DefaultElementLocator.java:68)
at org.openqa.selenium.support.pagefactory.internal.LocatingElementHandler.invoke(LocatingElementHandler.java:38)
at jdk.proxy2/jdk.proxy2.$Proxy20.sendKeys(Unknown Source)
at object_repository.Login_Page.login_Page(Login_Page.java:41)
at genericUtility.BaseClass.bmConfiguration(BaseClass.java:75)
at java.base/java.util.ArrayList.forEach(ArrayList.java:1511)
at java.base/java.util.concurrent.FutureTask.run(FutureTask.java:264)
at java.base/java.util.concurrent.ThreadPoolExecutor.runWorker(ThreadPoolExecutor.java:1136)
at java.base/java.util.concurrent.ThreadPoolExecutor$Worker.run(ThreadPoolExecutor.java:635)
at java.base/java.lang.Thread.run(Thread.java:833)
... Removed 21 stack frames]]>
    </failure>
  </testcase> <!-- @BeforeMethod bmConfiguration -->
  <testcase classname="genericUtility.BaseClass" name="@AfterMethod amConfiguration" time="0.0">
    <skipped/>
  </testcase> <!-- @AfterMethod amConfiguration -->
  <testcase classname="oganizations.CreateOrganizationTest" name="createOrganizationTest" time="28.571"/>
  <testcase classname="contacts.CreateContactsTest" name="createConatactsTest" time="0.006">
    <skipped/>
  </testcase> <!-- createConatactsTest -->
  <testcase classname="genericUtility.BaseClass" name="@BeforeSuite bsConfiguration" time="0.0">
    <ignored/>
  </testcase> <!-- @BeforeSuite bsConfiguration -->
  <testcase classname="genericUtility.BaseClass" name="@AfterSuite asConfiguration" time="0.0">
    <ignored/>
  </testcase> <!-- @AfterSuite asConfiguration -->
  <testcase classname="genericUtility.BaseClass" name="@AfterTest acConfiguration" time="0.0">
    <ignored/>
  </testcase> <!-- @AfterTest acConfiguration -->
  <testcase classname="genericUtility.BaseClass" name="@BeforeTest bcConfiguration" time="0.0">
    <ignored/>
  </testcase> <!-- @BeforeTest bcConfiguration -->
</testsuite> <!-- Test1 -->
